Oct 18 04:06:49 14 net-ceph6 ceph-osd:  2018-10-18 04:06:49.470741 7f90136b8700 -1 osd.52 4406222 heartbeat_check: no reply from 10.XX.XX.XX:6825 osd.0 since back 2018-10-18 04:05:57.757163 front 2018-10-18 04:05:57.757163 (cutoff 2018-10-18 04:06:29.470739)
Oct 18 04:06:49 14 net-ceph6 ceph-osd:  2018-10-18 04:06:49.470752 7f90136b8700 -1 osd.52 4406222 heartbeat_check: no reply from 10.XX.XX.XX:6803 osd.2 since back 2018-10-18 04:05:57.757163 front 2018-10-18 04:05:57.757163 (cutoff 2018-10-18 04:06:29.470739)
Oct 18 04:06:49 14 net-ceph6 ceph-osd:  2018-10-18 04:06:49.470763 7f90136b8700 -1 osd.52 4406222 heartbeat_check: no reply from 10.XX.XX.XX:6811 osd.4 since back 2018-10-18 04:05:57.757163 front 2018-10-18 04:05:57.757163 (cutoff 2018-10-18 04:06:29.470739)
Oct 18 04:06:49 14 net-ceph6 ceph-osd:  2018-10-18 04:06:49.470771 7f90136b8700 -1 osd.52 4406222 heartbeat_check: no reply from 10.XX.XX.XX:6820 osd.6 since back 2018-10-18 04:05:57.757163 front 2018-10-18 04:05:57.757163 (cutoff 2018-10-18 04:06:29.470739)
Oct 18 04:06:49 14 net-ceph6 ceph-osd:  2018-10-18 04:06:49.470778 7f90136b8700 -1 osd.52 4406222 heartbeat_check: no reply from 10.XX.XX.187:6819 osd.10 since back 2018-10-18 04:05:57.757163 front 2018-10-18 04:05:57.757163 (cutoff 2018-10-18 04:06:29.470739)
Oct 18 04:06:49 14 net-ceph6 ceph-osd:  2018-10-18 04:06:49.470784 7f90136b8700 -1 osd.52 4406222 heartbeat_check: no reply from 10.XX.XX.187:6820 osd.12 since back 2018-10-18 04:05:57.757163 front 2018-10-18 04:05:57.757163 (cutoff 2018-10-18 04:06:29.470739)
Oct 18 04:06:49 14 net-ceph6 ceph-osd:  2018-10-18 04:06:49.470791 7f90136b8700 -1 osd.52 4406222 heartbeat_check: no reply from 10.XX.XX.187:6811 osd.13 since back 2018-10-18 04:05:57.757163 front 2018-10-18 04:05:57.757163 (cutoff 2018-10-18 04:06:29.470739)
Oct 18 04:06:49 14 net-ceph6 ceph-osd:  2018-10-18 04:06:49.470798 7f90136b8700 -1 osd.52 4406222 heartbeat_check: no reply from 10.XX.XX.187:6807 osd.15 since back 2018-10-18 04:05:57.757163 front 2018-10-18 04:05:57.757163 (cutoff 2018-10-18 04:06:29.470739)
Oct 18 04:06:49 14 net-ceph6 ceph-osd:  2018-10-18 04:06:49.470804 7f90136b8700 -1 osd.52 4406222 heartbeat_check: no reply from 10.XX.XX.187:6809 osd.18 since back 2018-10-18 04:05:57.757163 front 2018-10-18 04:05:57.757163 (cutoff 2018-10-18 04:06:29.470739)
Oct 18 04:06:49 14 net-ceph6 ceph-osd:  2018-10-18 04:06:49.470811 7f90136b8700 -1 osd.52 4406222 heartbeat_check: no reply from 10.XX.XX.187:6817 osd.19 since back 2018-10-18 04:05:57.757163 front 2018-10-18 04:05:57.757163 (cutoff 2018-10-18 04:06:29.470739)
Oct 18 04:06:49 14 net-ceph6 ceph-osd:  2018-10-18 04:06:49.470817 7f90136b8700 -1 osd.52 4406222 heartbeat_check: no reply from 10.XX.XX.XX21:6803 osd.20 since back 2018-10-18 04:05:57.757163 front 2018-10-18 04:05:57.757163 (cutoff 2018-10-18 04:06:29.470739)
Oct 18 04:06:49 30 net-ceph6 ceph-osd[3870]:  2018-10-18 04:06:49.471115 7f90136b8700 -1 osd.52 4406222 heartbeat_check: no reply from 10.XX.XX.163:6818 osd.128 since back 2018-10-18 04:05:57.757163 front 2018-10-18 04:05:57.757163 (cutoff 2018-10-18 04:06:29.470739)
Oct 18 04:06:49 30 net-ceph6 ceph-osd[3870]:  2018-10-18 04:06:49.471123 7f90136b8700 -1 osd.52 4406222 heartbeat_check: no reply from 10.XX.XX.XX24:6829 osd.129 since back 2018-10-18 04:05:57.757163 front 2018-10-18 04:05:57.757163 (cutoff 2018-10-18 04:06:29.470739)
Oct 18 04:06:49 30 net-ceph6 ceph-osd[3870]:  2018-10-18 04:06:49.471129 7f90136b8700 -1 osd.52 4406222 heartbeat_check: no reply from 10.XX.XX.XX24:6823 osd.133 since back 2018-10-18 04:05:57.757163 front 2018-10-18 04:05:57.757163 (cutoff 2018-10-18 04:06:29.470739)
Oct 18 04:06:49 30 net-ceph6 ceph-osd[3870]:  2018-10-18 04:06:49.471137 7f90136b8700 -1 osd.52 4406222 heartbeat_check: no reply from 10.XX.XX.XX24:6828 osd.135 since back 2018-10-18 04:05:57.757163 front 2018-10-18 04:05:57.757163 (cutoff 2018-10-18 04:06:29.470739)
Oct 18 04:06:49 30 net-ceph6 ceph-osd[3870]:  2018-10-18 04:06:49.471145 7f90136b8700 -1 osd.52 4406222 heartbeat_check: no reply from 10.XX.XX.XX24:6822 osd.137 since back 2018-10-18 04:05:57.757163 front 2018-10-18 04:05:57.757163 (cutoff 2018-10-18 04:06:29.470739)
Oct 18 04:06:49 30 net-ceph6 ceph-osd[3870]:  2018-10-18 04:06:49.471152 7f90136b8700 -1 osd.52 4406222 heartbeat_check: no reply from 10.XX.XX.XX24:6838 osd.139 since back 2018-10-18 04:05:57.757163 front 2018-10-18 04:05:57.757163 (cutoff 2018-10-18 04:06:29.470739)
Oct 18 04:06:49 30 net-ceph6 ceph-osd[3870]:  2018-10-18 04:06:49.471160 7f90136b8700 -1 osd.52 4406222 heartbeat_check: no reply from 10.XX.XX.XX24:6839 osd.141 since back 2018-10-18 04:05:57.757163 front 2018-10-18 04:05:57.757163 (cutoff 2018-10-18 04:06:29.470739)
Oct 18 04:06:49 30 net-ceph6 ceph-osd[3870]:  2018-10-18 04:06:49.471168 7f90136b8700 -1 osd.52 4406222 heartbeat_check: no reply from 10.XX.XX.XX24:6816 osd.143 since back 2018-10-18 04:05:57.757163 front 2018-10-18 04:05:57.757163 (cutoff 2018-10-18 04:06:29.470739)
Oct 18 04:06:49 30 net-ceph6 ceph-osd[3870]:  2018-10-18 04:06:49.471176 7f90136b8700 -1 osd.52 4406222 heartbeat_check: no reply from 10.XX.XX.163:6817 osd.144 since back 2018-10-18 04:05:57.757163 front 2018-10-18 04:05:57.757163 (cutoff 2018-10-18 04:06:29.470739)
Oct 18 04:06:49 14 net-ceph6 ceph-osd:  2018-10-18 04:06:49.470826 7f90136b8700 -1 osd.52 4406222 heartbeat_check: no reply from 10.XX.XX.XX21:6801 osd.21 since back 2018-10-18 04:05:57.757163 front 2018-10-18 04:05:57.757163 (cutoff 2018-10-18 04:06:29.470739)
Oct 18 04:06:49 30 net-ceph6 ceph-osd[3870]:  2018-10-18 04:06:49.471187 7f90136b8700 -1 osd.52 4406222 heartbeat_check: no reply from 10.XX.XX.163:6831 osd.146 since back 2018-10-18 04:05:57.757163 front 2018-10-18 04:05:57.757163 (cutoff 2018-10-18 04:06:29.470739)
Oct 18 04:06:49 30 net-ceph6 ceph-osd[3870]:  2018-10-18 04:06:49.471196 7f90136b8700 -1 osd.52 4406222 heartbeat_check: no reply from 10.XX.XX.XX29:6813 osd.168 since back 2018-10-18 04:05:57.757163 front 2018-10-18 04:05:57.757163 (cutoff 2018-10-18 04:06:29.470739)
Oct 18 04:06:49 30 net-ceph6 ceph-osd[3870]:  2018-10-18 04:06:49.471204 7f90136b8700 -1 osd.52 4406222 heartbeat_check: no reply from 10.XX.XX.XX29:6804 osd.170 since back 2018-10-18 04:05:57.757163 front 2018-10-18 04:05:57.757163 (cutoff 2018-10-18 04:06:29.470739)
Oct 18 04:06:49 30 net-ceph6 ceph-osd[3870]:  2018-10-18 04:06:49.471211 7f90136b8700 -1 osd.52 4406222 heartbeat_check: no reply from 10.XX.XX.XX29:6820 osd.171 since back 2018-10-18 04:05:57.757163 front 2018-10-18 04:05:57.757163 (cutoff 2018-10-18 04:06:29.470739)
Oct 18 04:06:49 30 net-ceph6 ceph-osd[3870]:  2018-10-18 04:06:49.471218 7f90136b8700 -1 osd.52 4406222 heartbeat_check: no reply from 10.XX.XX.XX29:6836 osd.172 since back 2018-10-18 04:05:57.757163 front 2018-10-18 04:05:57.757163 (cutoff 2018-10-18 04:06:29.470739)
Oct 18 04:06:49 30 net-ceph6 ceph-osd[3870]:  2018-10-18 04:06:49.471225 7f90136b8700 -1 osd.52 4406222 heartbeat_check: no reply from 10.XX.XX.XX29:6817 osd.173 since back 2018-10-18 04:05:57.757163 front 2018-10-18 04:05:57.757163 (cutoff 2018-10-18 04:06:29.470739)
Oct 18 04:06:49 30 net-ceph6 ceph-osd[3870]:  2018-10-18 04:06:49.471232 7f90136b8700 -1 osd.52 4406222 heartbeat_check: no reply from 10.XX.XX.XX29:6837 osd.178 since back 2018-10-18 04:05:57.757163 front 2018-10-18 04:05:57.757163 (cutoff 2018-10-18 04:06:29.470739)
Oct 18 04:06:49 30 net-ceph6 ceph-osd[3870]:  2018-10-18 04:06:49.471240 7f90136b8700 -1 osd.52 4406222 heartbeat_check: no reply from 10.XX.XX.XX29:6808 osd.180 since back 2018-10-18 04:05:57.757163 front 2018-10-18 04:05:57.757163 (cutoff 2018-10-18 04:06:29.470739)
Oct 18 04:06:49 30 net-ceph6 ceph-osd[3870]:  2018-10-18 04:06:49.471251 7f90136b8700 -1 osd.52 4406222 heartbeat_check: no reply from 10.XX.XX.XX29:6825 osd.183 since back 2018-10-18 04:05:57.757163 front 2018-10-18 04:05:57.757163 (cutoff 2018-10-18 04:06:29.470739)
Oct 18 04:06:49 14 net-ceph6 ceph-osd:  2018-10-18 04:06:49.470833 7f90136b8700 -1 osd.52 4406222 heartbeat_check: no reply from 10.XX.XX.XX21:6809 osd.22 since back 2018-10-18 04:05:57.757163 front 2018-10-18 04:05:57.757163 (cutoff 2018-10-18 04:06:29.470739)
Oct 18 04:06:49 30 net-ceph6 ceph-osd[3870]:  2018-10-18 04:06:49.471260 7f90136b8700 -1 osd.52 4406222 heartbeat_check: no reply from 10.XX.XX.63:6831 osd.210 since back 2018-10-18 04:05:57.757163 front 2018-10-18 04:05:57.757163 (cutoff 2018-10-18 04:06:29.470739)
Oct 18 04:06:49 30 net-ceph6 ceph-osd[3870]:  2018-10-18 04:06:49.471269 7f90136b8700 -1 osd.52 4406222 heartbeat_check: no reply from 10.XX.XX.63:6829 osd.216 since back 2018-10-18 04:05:57.757163 front 2018-10-18 04:05:57.757163 (cutoff 2018-10-18 04:06:29.470739)
Oct 18 04:06:49 30 net-ceph6 ceph-osd[3870]:  2018-10-18 04:06:49.471278 7f90136b8700 -1 osd.52 4406222 heartbeat_check: no reply from 10.XX.XX.104:6825 osd.217 since back 2018-10-18 04:05:57.757163 front 2018-10-18 04:05:57.757163 (cutoff 2018-10-18 04:06:29.470739)
Oct 18 04:06:49 30 net-ceph6 ceph-osd[3870]:  2018-10-18 04:06:49.471285 7f90136b8700 -1 osd.52 4406222 heartbeat_check: no reply from 10.XX.XX.63:6845 osd.218 since back 2018-10-18 04:05:57.757163 front 2018-10-18 04:05:57.757163 (cutoff 2018-10-18 04:06:29.470739)
Oct 18 04:06:49 30 net-ceph6 ceph-osd[3870]:  2018-10-18 04:06:49.471295 7f90136b8700 -1 osd.52 4406222 heartbeat_check: no reply from 10.XX.XX.63:6844 osd.219 since back 2018-10-18 04:05:57.757163 front 2018-10-18 04:05:57.757163 (cutoff 2018-10-18 04:06:29.470739)
Oct 18 04:06:49 30 net-ceph6 ceph-osd[3870]:  2018-10-18 04:06:49.471303 7f90136b8700 -1 osd.52 4406222 heartbeat_check: no reply from 10.XX.XX.63:6807 osd.222 since back 2018-10-18 04:05:57.757163 front 2018-10-18 04:05:57.757163 (cutoff 2018-10-18 04:06:29.470739)
Oct 18 04:06:49 30 net-ceph6 ceph-osd[3870]:  2018-10-18 04:06:49.471310 7f90136b8700 -1 osd.52 4406222 heartbeat_check: no reply from 10.XX.XX.63:6813 osd.223 since back 2018-10-18 04:05:57.757163 front 2018-10-18 04:05:57.757163 (cutoff 2018-10-18 04:06:29.470739)
Oct 18 04:06:49 30 net-ceph6 ceph-osd[3870]:  2018-10-18 04:06:49.471317 7f90136b8700 -1 osd.52 4406222 heartbeat_check: no reply from 10.XX.XX.63:6824 osd.224 since back 2018-10-18 04:05:57.757163 front 2018-10-18 04:05:57.757163 (cutoff 2018-10-18 04:06:29.470739)
Oct 18 04:06:49 30 net-ceph6 ceph-osd[3870]:  2018-10-18 04:06:49.471323 7f90136b8700 -1 osd.52 4406222 heartbeat_check: no reply from 10.XX.XX.63:6827 osd.226 since back 2018-10-18 04:05:57.757163 front 2018-10-18 04:05:57.757163 (cutoff 2018-10-18 04:06:29.470739)
Oct 18 04:06:49 14 net-ceph6 ceph-osd:  2018-10-18 04:06:49.470840 7f90136b8700 -1 osd.52 4406222 heartbeat_check: no reply from 10.XX.XX.XX21:6819 osd.25 since back 2018-10-18 04:05:57.757163 front 2018-10-18 04:05:57.757163 (cutoff 2018-10-18 04:06:29.470739)
Oct 18 04:06:49 30 net-ceph6 ceph-osd[3870]:  2018-10-18 04:06:49.471330 7f90136b8700 -1 osd.52 4406222 heartbeat_check: no reply from 10.XX.XX.63:6832 osd.228 since back 2018-10-18 04:05:57.757163 front 2018-10-18 04:05:57.757163 (cutoff 2018-10-18 04:06:29.470739)
Oct 18 04:06:49 30 net-ceph6 ceph-osd[3870]:  2018-10-18 04:06:49.471336 7f90136b8700 -1 osd.52 4406222 heartbeat_check: no reply from 10.XX.XX.63:6841 osd.229 since back 2018-10-18 04:05:57.757163 front 2018-10-18 04:05:57.757163 (cutoff 2018-10-18 04:06:29.470739)
Oct 18 04:06:49 30 net-ceph6 ceph-osd[3870]:  2018-10-18 04:06:49.471343 7f90136b8700 -1 osd.52 4406222 heartbeat_check: no reply from 10.XX.XX.63:6833 osd.230 since back 2018-10-18 04:05:57.757163 front 2018-10-18 04:05:57.757163 (cutoff 2018-10-18 04:06:29.470739)
Oct 18 04:06:49 30 net-ceph6 ceph-osd[3870]:  2018-10-18 04:06:49.471349 7f90136b8700 -1 osd.52 4406222 heartbeat_check: no reply from 10.XX.XX.XX25:6870 osd.237 since back 2018-10-18 04:05:57.757163 front 2018-10-18 04:05:57.757163 (cutoff 2018-10-18 04:06:29.470739)
Oct 18 04:06:49 30 net-ceph6 ceph-osd[3870]:  2018-10-18 04:06:49.471355 7f90136b8700 -1 osd.52 4406222 heartbeat_check: no reply from 10.XX.XX.XX25:6828 osd.239 since back 2018-10-18 04:05:57.757163 front 2018-10-18 04:05:57.757163 (cutoff 2018-10-18 04:06:29.470739)
Oct 18 04:06:49 30 net-ceph6 ceph-osd[3870]:  2018-10-18 04:06:49.471362 7f90136b8700 -1 osd.52 4406222 heartbeat_check: no reply from 10.XX.XX.XX25:6826 osd.240 since back 2018-10-18 04:05:57.757163 front 2018-10-18 04:05:57.757163 (cutoff 2018-10-18 04:06:29.470739)
Oct 18 04:06:49 30 net-ceph6 ceph-osd[3870]:  2018-10-18 04:06:49.471369 7f90136b8700 -1 osd.52 4406222 heartbeat_check: no reply from 10.XX.XX.XX25:6827 osd.241 since back 2018-10-18 04:05:57.757163 front 2018-10-18 04:05:57.757163 (cutoff 2018-10-18 04:06:29.470739)
Oct 18 04:06:49 30 net-ceph6 ceph-osd[3870]:  2018-10-18 04:06:49.471376 7f90136b8700 -1 osd.52 4406222 heartbeat_check: no reply from 10.XX.XX.XX25:6847 osd.242 since back 2018-10-18 04:05:57.757163 front 2018-10-18 04:05:57.757163 (cutoff 2018-10-18 04:06:29.470739)
Oct 18 04:06:49 30 net-ceph6 ceph-osd[3870]:  2018-10-18 04:06:49.471382 7f90136b8700 -1 osd.52 4406222 heartbeat_check: no reply from 10.XX.XX.XX25:6853 osd.243 since back 2018-10-18 04:05:57.757163 front 2018-10-18 04:05:57.757163 (cutoff 2018-10-18 04:06:29.470739)
Oct 18 04:06:49 14 net-ceph6 ceph-osd:  2018-10-18 04:06:49.470847 7f90136b8700 -1 osd.52 4406222 heartbeat_check: no reply from 10.XX.XX.XX21:6805 osd.26 since back 2018-10-18 04:05:57.757163 front 2018-10-18 04:05:57.757163 (cutoff 2018-10-18 04:06:29.470739)
Oct 18 04:06:49 30 net-ceph6 ceph-osd[3870]:  2018-10-18 04:06:49.471389 7f90136b8700 -1 osd.52 4406222 heartbeat_check: no reply from 10.XX.XX.XX25:6863 osd.247 since back 2018-10-18 04:05:57.757163 front 2018-10-18 04:05:57.757163 (cutoff 2018-10-18 04:06:29.470739)
Oct 18 04:06:49 30 net-ceph6 ceph-osd[3870]:  2018-10-18 04:06:49.471396 7f90136b8700 -1 osd.52 4406222 heartbeat_check: no reply from 10.XX.XX.XX25:6821 osd.250 since back 2018-10-18 04:05:57.757163 front 2018-10-18 04:05:57.757163 (cutoff 2018-10-18 04:06:29.470739)
Oct 18 04:06:49 30 net-ceph6 ceph-osd[3870]:  2018-10-18 04:06:49.471402 7f90136b8700 -1 osd.52 4406222 heartbeat_check: no reply from 10.XX.XX.104:6835 osd.255 since back 2018-10-18 04:05:57.757163 front 2018-10-18 04:05:57.757163 (cutoff 2018-10-18 04:06:29.470739)
Oct 18 04:06:49 30 net-ceph6 ceph-osd[3870]:  2018-10-18 04:06:49.471410 7f90136b8700 -1 osd.52 4406222 heartbeat_check: no reply from 10.XX.XX.104:6819 osd.258 since back 2018-10-18 04:05:57.757163 front 2018-10-18 04:05:57.757163 (cutoff 2018-10-18 04:06:29.470739)
Oct 18 04:06:49 30 net-ceph6 ceph-osd[3870]:  2018-10-18 04:06:49.471416 7f90136b8700 -1 osd.52 4406222 heartbeat_check: no reply from 10.XX.XX.XX25:6851 osd.264 since back 2018-10-18 04:05:57.757163 front 2018-10-18 04:05:57.757163 (cutoff 2018-10-18 04:06:29.470739)
Oct 18 04:06:49 30 net-ceph6 ceph-osd[3870]:  2018-10-18 04:06:49.471423 7f90136b8700 -1 osd.52 4406222 heartbeat_check: no reply from 10.XX.XX.XX25:6866 osd.267 since back 2018-10-18 04:05:57.757163 front 2018-10-18 04:05:57.757163 (cutoff 2018-10-18 04:06:29.470739)
Oct 18 04:06:49 30 net-ceph6 ceph-osd[3870]:  2018-10-18 04:06:49.471429 7f90136b8700 -1 osd.52 4406222 heartbeat_check: no reply from 10.XX.XX.104:6804 osd.272 since back 2018-10-18 04:05:57.757163 front 2018-10-18 04:05:57.757163 (cutoff 2018-10-18 04:06:29.470739)
Oct 18 04:06:49 30 net-ceph6 ceph-osd[3870]:  2018-10-18 04:06:49.471437 7f90136b8700 -1 osd.52 4406222 heartbeat_check: no reply from 10.XX.XX.XX25:6849 osd.274 since back 2018-10-18 04:05:57.757163 front 2018-10-18 04:05:57.757163 (cutoff 2018-10-18 04:06:29.470739)
Oct 18 04:06:49 30 net-ceph6 ceph-osd[3870]:  2018-10-18 04:06:49.471443 7f90136b8700 -1 osd.52 4406222 heartbeat_check: no reply from 10.XX.XX.XX25:6834 osd.276 since back 2018-10-18 04:05:57.757163 front 2018-10-18 04:05:57.757163 (cutoff 2018-10-18 04:06:29.470739)
Oct 18 04:06:49 14 net-ceph6 ceph-osd:  2018-10-18 04:06:49.470857 7f90136b8700 -1 osd.52 4406222 heartbeat_check: no reply from 10.XX.XX.XX21:6817 osd.29 since back 2018-10-18 04:05:57.757163 front 2018-10-18 04:05:57.757163 (cutoff 2018-10-18 04:06:29.470739)
Oct 18 04:06:49 30 net-ceph6 ceph-osd[3870]:  2018-10-18 04:06:49.471449 7f90136b8700 -1 osd.52 4406222 heartbeat_check: no reply from 10.XX.XX.104:6848 osd.284 since back 2018-10-18 04:05:57.757163 front 2018-10-18 04:05:57.757163 (cutoff 2018-10-18 04:06:29.470739)
Oct 18 04:06:49 30 net-ceph6 ceph-osd[3870]:  2018-10-18 04:06:49.471455 7f90136b8700 -1 osd.52 4406222 heartbeat_check: no reply from 10.XX.XX.104:6861 osd.286 since back 2018-10-18 04:05:57.757163 front 2018-10-18 04:05:57.757163 (cutoff 2018-10-18 04:06:29.470739)
Oct 18 04:06:49 30 net-ceph6 ceph-osd[3870]:  2018-10-18 04:06:49.471461 7f90136b8700 -1 osd.52 4406222 heartbeat_check: no reply from 10.XX.XX.104:6834 osd.288 since back 2018-10-18 04:05:57.757163 front 2018-10-18 04:05:57.757163 (cutoff 2018-10-18 04:06:29.470739)
Oct 18 04:06:49 30 net-ceph6 ceph-osd[3870]:  2018-10-18 04:06:49.471468 7f90136b8700 -1 osd.52 4406222 heartbeat_check: no reply from 10.XX.XX.104:6841 osd.290 since back 2018-10-18 04:05:57.757163 front 2018-10-18 04:05:57.757163 (cutoff 2018-10-18 04:06:29.470739)
Oct 18 04:06:49 30 net-ceph6 ceph-osd[3870]:  2018-10-18 04:06:49.471488 7f90136b8700 -1 osd.52 4406222 heartbeat_check: no reply from 10.XX.XX.63:6825 osd.294 since back 2018-10-18 04:05:57.757163 front 2018-10-18 04:05:57.757163 (cutoff 2018-10-18 04:06:29.470739)
Oct 18 04:06:49 30 net-ceph6 ceph-osd[3870]:  2018-10-18 04:06:49.471495 7f90136b8700 -1 osd.52 4406222 heartbeat_check: no reply from 10.XX.XX.128:6836 osd.302 since back 2018-10-18 04:05:57.757163 front 2018-10-18 04:05:57.757163 (cutoff 2018-10-18 04:06:29.470739)
Oct 18 04:06:49 30 net-ceph6 ceph-osd[3870]:  2018-10-18 04:06:49.471501 7f90136b8700 -1 osd.52 4406222 heartbeat_check: no reply from 10.XX.XX.128:6830 osd.307 since back 2018-10-18 04:05:57.757163 front 2018-10-18 04:05:57.757163 (cutoff 2018-10-18 04:06:29.470739)
Oct 18 04:06:49 30 net-ceph6 ceph-osd[3870]:  2018-10-18 04:06:49.471508 7f90136b8700 -1 osd.52 4406222 heartbeat_check: no reply from 10.XX.XX.128:6829 osd.311 since back 2018-10-18 04:05:57.757163 front 2018-10-18 04:05:57.757163 (cutoff 2018-10-18 04:06:29.470739)
Oct 18 04:06:49 30 net-ceph6 ceph-osd[3870]:  2018-10-18 04:06:49.471514 7f90136b8700 -1 osd.52 4406222 heartbeat_check: no reply from 10.XX.XX.128:6838 osd.313 since back 2018-10-18 04:05:57.757163 front 2018-10-18 04:05:57.757163 (cutoff 2018-10-18 04:06:29.470739)
Oct 18 04:06:49 14 net-ceph6 ceph-osd:  2018-10-18 04:06:49.470866 7f90136b8700 -1 osd.52 4406222 heartbeat_check: no reply from 10.XX.XX.170:6813 osd.30 since back 2018-10-18 04:05:57.757163 front 2018-10-18 04:05:57.757163 (cutoff 2018-10-18 04:06:29.470739)
Oct 18 04:06:49 30 net-ceph6 ceph-osd[3870]:  2018-10-18 04:06:49.471520 7f90136b8700 -1 osd.52 4406222 heartbeat_check: no reply from 10.XX.XX.XX16:6850 osd.317 since back 2018-10-18 04:05:57.757163 front 2018-10-18 04:05:57.757163 (cutoff 2018-10-18 04:06:29.470739)
Oct 18 04:06:49 30 net-ceph6 ceph-osd[3870]:  2018-10-18 04:06:49.471527 7f90136b8700 -1 osd.52 4406222 heartbeat_check: no reply from 10.XX.XX.XX16:6811 osd.319 since back 2018-10-18 04:05:57.757163 front 2018-10-18 04:05:57.757163 (cutoff 2018-10-18 04:06:29.470739)
Oct 18 04:06:49 30 net-ceph6 ceph-osd[3870]:  2018-10-18 04:06:49.471534 7f90136b8700 -1 osd.52 4406222 heartbeat_check: no reply from 10.XX.XX.XX16:6817 osd.325 since back 2018-10-18 04:05:57.757163 front 2018-10-18 04:05:57.757163 (cutoff 2018-10-18 04:06:29.470739)
Oct 18 04:06:49 30 net-ceph6 ceph-osd[3870]:  2018-10-18 04:06:49.472110 7f90136b8700 -1 osd.52 4406222 heartbeat_check: no reply from 10.XX.XX.XX16:6841 osd.342 since back 2018-10-18 04:05:57.757163 front 2018-10-18 04:05:57.757163 (cutoff 2018-10-18 04:06:29.470739)
Oct 18 04:06:49 30 net-ceph6 ceph-osd[3870]:  2018-10-18 04:06:49.472119 7f90136b8700 -1 osd.52 4406222 heartbeat_check: no reply from 10.XX.XX.128:6807 osd.344 since back 2018-10-18 04:05:57.757163 front 2018-10-18 04:05:57.757163 (cutoff 2018-10-18 04:06:29.470739)
Oct 18 04:06:49 30 net-ceph6 ceph-osd[3870]:  2018-10-18 04:06:49.472126 7f90136b8700 -1 osd.52 4406222 heartbeat_check: no reply from 10.XX.XX.128:6803 osd.345 since back 2018-10-18 04:05:57.757163 front 2018-10-18 04:05:57.757163 (cutoff 2018-10-18 04:06:29.470739)
Oct 18 04:06:49 30 net-ceph6 ceph-osd[3870]:  2018-10-18 04:06:49.472133 7f90136b8700 -1 osd.52 4406222 heartbeat_check: no reply from 10.XX.XX.XX16:6854 osd.346 since back 2018-10-18 04:05:57.757163 front 2018-10-18 04:05:57.757163 (cutoff 2018-10-18 04:06:29.470739)
Oct 18 04:06:49 30 net-ceph6 ceph-osd[3870]:  2018-10-18 04:06:49.472139 7f90136b8700 -1 osd.52 4406222 heartbeat_check: no reply from 10.XX.XX.128:6823 osd.350 since back 2018-10-18 04:05:57.757163 front 2018-10-18 04:05:57.757163 (cutoff 2018-10-18 04:06:29.470739)
Oct 18 04:06:49 30 net-ceph6 ceph-osd[3870]:  2018-10-18 04:06:49.472145 7f90136b8700 -1 osd.52 4406222 heartbeat_check: no reply from 10.XX.XX.XX16:6803 osd.351 since back 2018-10-18 04:05:57.757163 front 2018-10-18 04:05:57.757163 (cutoff 2018-10-18 04:06:29.470739)
Oct 18 04:06:49 14 net-ceph6 ceph-osd:  2018-10-18 04:06:49.470877 7f90136b8700 -1 osd.52 4406222 heartbeat_check: no reply from 10.XX.XX.170:6820 osd.32 since back 2018-10-18 04:05:57.757163 front 2018-10-18 04:05:57.757163 (cutoff 2018-10-18 04:06:29.470739)
Oct 18 04:06:49 30 net-ceph6 ceph-osd[3870]:  2018-10-18 04:06:49.472151 7f90136b8700 -1 osd.52 4406222 heartbeat_check: no reply from 10.XX.XX.XX16:6845 osd.352 since back 2018-10-18 04:05:57.757163 front 2018-10-18 04:05:57.757163 (cutoff 2018-10-18 04:06:29.470739)
Oct 18 04:06:49 30 net-ceph6 ceph-osd[3870]:  2018-10-18 04:06:49.472158 7f90136b8700 -1 osd.52 4406222 heartbeat_check: no reply from 10.XX.XX.XX16:6851 osd.353 since back 2018-10-18 04:05:57.757163 front 2018-10-18 04:05:57.757163 (cutoff 2018-10-18 04:06:29.470739)
Oct 18 04:06:49 30 net-ceph6 ceph-osd[3870]:  2018-10-18 04:06:49.472164 7f90136b8700 -1 osd.52 4406222 heartbeat_check: no reply from 10.XX.XX.128:6821 osd.357 since back 2018-10-18 04:05:57.757163 front 2018-10-18 04:05:57.757163 (cutoff 2018-10-18 04:06:29.470739)
Oct 18 04:06:49 30 net-ceph6 ceph-osd[3870]:  2018-10-18 04:06:49.472170 7f90136b8700 -1 osd.52 4406222 heartbeat_check: no reply from 10.XX.XX.128:6811 osd.358 since back 2018-10-18 04:05:57.757163 front 2018-10-18 04:05:57.757163 (cutoff 2018-10-18 04:06:29.470739)
Oct 18 04:06:49 14 net-ceph6 ceph-osd:  2018-10-18 04:06:49.470884 7f90136b8700 -1 osd.52 4406222 heartbeat_check: no reply from 10.XX.XX.170:6818 osd.33 since back 2018-10-18 04:05:57.757163 front 2018-10-18 04:05:57.757163 (cutoff 2018-10-18 04:06:29.470739)
Oct 18 04:06:49 14 net-ceph6 ceph-osd:  2018-10-18 04:06:49.470891 7f90136b8700 -1 osd.52 4406222 heartbeat_check: no reply from 10.XX.XX.170:6807 osd.34 since back 2018-10-18 04:05:57.757163 front 2018-10-18 04:05:57.757163 (cutoff 2018-10-18 04:06:29.470739)
Oct 18 04:06:49 14 net-ceph6 ceph-osd:  2018-10-18 04:06:49.470896 7f90136b8700 -1 osd.52 4406222 heartbeat_check: no reply from 10.XX.XX.170:6803 osd.35 since back 2018-10-18 04:05:57.757163 front 2018-10-18 04:05:57.757163 (cutoff 2018-10-18 04:06:29.470739)
Oct 18 04:06:49 14 net-ceph6 ceph-osd:  2018-10-18 04:06:49.470906 7f90136b8700 -1 osd.52 4406222 heartbeat_check: no reply from 10.XX.XX.170:6811 osd.40 since back 2018-10-18 04:05:57.757163 front 2018-10-18 04:05:57.757163 (cutoff 2018-10-18 04:06:29.470739)
Oct 18 04:06:49 14 net-ceph6 ceph-osd:  2018-10-18 04:06:49.470913 7f90136b8700 -1 osd.52 4406222 heartbeat_check: no reply from 10.XX.XX.177:6815 osd.46 since back 2018-10-18 04:05:57.757163 front 2018-10-18 04:05:57.757163 (cutoff 2018-10-18 04:06:29.470739)
Oct 18 04:06:49 14 net-ceph6 ceph-osd:  2018-10-18 04:06:49.470922 7f90136b8700 -1 osd.52 4406222 heartbeat_check: no reply from 10.XX.XX.XX28:6809 osd.51 since back 2018-10-18 04:05:57.757163 front 2018-10-18 04:05:57.757163 (cutoff 2018-10-18 04:06:29.470739)
Oct 18 04:06:49 14 net-ceph6 ceph-osd:  2018-10-18 04:06:49.470929 7f90136b8700 -1 osd.52 4406222 heartbeat_check: no reply from 10.XX.XX.XX28:6807 osd.53 since back 2018-10-18 04:05:57.757163 front 2018-10-18 04:05:57.757163 (cutoff 2018-10-18 04:06:29.470739)
Oct 18 04:06:49 14 net-ceph6 ceph-osd:  2018-10-18 04:06:49.470938 7f90136b8700 -1 osd.52 4406222 heartbeat_check: no reply from 10.XX.XX.XX28:6805 osd.54 since back 2018-10-18 04:05:57.757163 front 2018-10-18 04:05:57.757163 (cutoff 2018-10-18 04:06:29.470739)
Oct 18 04:06:49 14 net-ceph6 ceph-osd:  2018-10-18 04:06:49.470945 7f90136b8700 -1 osd.52 4406222 heartbeat_check: no reply from 10.XX.XX.XX23:6807 osd.71 since back 2018-10-18 04:05:57.757163 front 2018-10-18 04:05:57.757163 (cutoff 2018-10-18 04:06:29.470739)
Oct 18 04:06:49 14 net-ceph6 ceph-osd:  2018-10-18 04:06:49.470960 7f90136b8700 -1 osd.52 4406222 heartbeat_check: no reply from 10.XX.XX.XX23:6803 osd.72 since back 2018-10-18 04:05:57.757163 front 2018-10-18 04:05:57.757163 (cutoff 2018-10-18 04:06:29.470739)
Oct 18 04:06:49 14 net-ceph6 ceph-osd:  2018-10-18 04:06:49.470967 7f90136b8700 -1 osd.52 4406222 heartbeat_check: no reply from 10.XX.XX.XX23:6813 osd.73 since back 2018-10-18 04:05:57.757163 front 2018-10-18 04:05:57.757163 (cutoff 2018-10-18 04:06:29.470739)
Oct 18 04:06:49 14 net-ceph6 ceph-osd:  2018-10-18 04:06:49.470974 7f90136b8700 -1 osd.52 4406222 heartbeat_check: no reply from 10.XX.XX.XX24:6819 osd.76 since back 2018-10-18 04:05:57.757163 front 2018-10-18 04:05:57.757163 (cutoff 2018-10-18 04:06:29.470739)
Oct 18 04:06:49 14 net-ceph6 ceph-osd:  2018-10-18 04:06:49.470980 7f90136b8700 -1 osd.52 4406222 heartbeat_check: no reply from 10.XX.XX.XX23:6826 osd.77 since back 2018-10-18 04:05:57.757163 front 2018-10-18 04:05:57.757163 (cutoff 2018-10-18 04:06:29.470739)
Oct 18 04:06:49 14 net-ceph6 ceph-osd:  2018-10-18 04:06:49.470988 7f90136b8700 -1 osd.52 4406222 heartbeat_check: no reply from 10.XX.XX.XX23:6817 osd.78 since back 2018-10-18 04:05:57.757163 front 2018-10-18 04:05:57.757163 (cutoff 2018-10-18 04:06:29.470739)
Oct 18 04:06:49 14 net-ceph6 ceph-osd:  2018-10-18 04:06:49.470995 7f90136b8700 -1 osd.52 4406222 heartbeat_check: no reply from 10.XX.XX.XX23:6819 osd.79 since back 2018-10-18 04:05:57.757163 front 2018-10-18 04:05:57.757163 (cutoff 2018-10-18 04:06:29.470739)
Oct 18 04:06:49 14 net-ceph6 ceph-osd:  2018-10-18 04:06:49.471003 7f90136b8700 -1 osd.52 4406222 heartbeat_check: no reply from 10.XX.XX.130:6820 osd.81 since back 2018-10-18 04:05:57.757163 front 2018-10-18 04:05:57.757163 (cutoff 2018-10-18 04:06:29.470739)
Oct 18 04:06:49 14 net-ceph6 ceph-osd:  2018-10-18 04:06:49.471019 7f90136b8700 -1 osd.52 4406222 heartbeat_check: no reply from 10.XX.XX.130:6803 osd.84 since back 2018-10-18 04:05:57.757163 front 2018-10-18 04:05:57.757163 (cutoff 2018-10-18 04:06:29.470739)
Oct 18 04:06:49 14 net-ceph6 ceph-osd:  2018-10-18 04:06:49.471027 7f90136b8700 -1 osd.52 4406222 heartbeat_check: no reply from 10.XX.XX.130:6805 osd.85 since back 2018-10-18 04:05:57.757163 front 2018-10-18 04:05:57.757163 (cutoff 2018-10-18 04:06:29.470739)
Oct 18 04:06:49 14 net-ceph6 ceph-osd:  2018-10-18 04:06:49.471034 7f90136b8700 -1 osd.52 4406222 heartbeat_check: no reply from 10.XX.XX.130:6801 osd.88 since back 2018-10-18 04:05:57.757163 front 2018-10-18 04:05:57.757163 (cutoff 2018-10-18 04:06:29.470739)
Oct 18 04:06:49 14 net-ceph6 ceph-osd:  2018-10-18 04:06:49.471041 7f90136b8700 -1 osd.52 4406222 heartbeat_check: no reply from 10.XX.XX.XX24:6812 osd.91 since back 2018-10-18 04:05:57.757163 front 2018-10-18 04:05:57.757163 (cutoff 2018-10-18 04:06:29.470739)
Oct 18 04:06:49 14 net-ceph6 ceph-osd:  2018-10-18 04:06:49.471050 7f90136b8700 -1 osd.52 4406222 heartbeat_check: no reply from 10.XX.XX.XX24:6802 osd.94 since back 2018-10-18 04:05:57.757163 front 2018-10-18 04:05:57.757163 (cutoff 2018-10-18 04:06:29.470739)
Oct 18 04:06:49 14 net-ceph6 ceph-osd:  2018-10-18 04:06:49.471062 7f90136b8700 -1 osd.52 4406222 heartbeat_check: no reply from 10.XX.XX.163:6816 osd.95 since back 2018-10-18 04:05:57.757163 front 2018-10-18 04:05:57.757163 (cutoff 2018-10-18 04:06:29.470739)
Oct 18 04:06:49 14 net-ceph6 ceph-osd:  2018-10-18 04:06:49.471069 7f90136b8700 -1 osd.52 4406222 heartbeat_check: no reply from 10.XX.XX.XX24:6810 osd.98 since back 2018-10-18 04:05:57.757163 front 2018-10-18 04:05:57.757163 (cutoff 2018-10-18 04:06:29.470739)
Oct 18 04:06:49 14 net-ceph6 ceph-osd:  2018-10-18 04:06:49.471076 7f90136b8700 -1 osd.52 4406222 heartbeat_check: no reply from 10.XX.XX.XX24:6808 osd.105 since back 2018-10-18 04:05:57.757163 front 2018-10-18 04:05:57.757163 (cutoff 2018-10-18 04:06:29.470739)
Oct 18 04:06:49 14 net-ceph6 ceph-osd:  2018-10-18 04:06:49.471082 7f90136b8700 -1 osd.52 4406222 heartbeat_check: no reply from 10.XX.XX.163:6827 osd.106 since back 2018-10-18 04:05:57.757163 front 2018-10-18 04:05:57.757163 (cutoff 2018-10-18 04:06:29.470739)
Oct 18 04:06:49 14 net-ceph6 ceph-osd:  2018-10-18 04:06:49.471089 7f90136b8700 -1 osd.52 4406222 heartbeat_check: no reply from 10.XX.XX.163:6809 osd.108 since back 2018-10-18 04:05:57.757163 front 2018-10-18 04:05:57.757163 (cutoff 2018-10-18 04:06:29.470739)
Oct 18 04:06:49 14 net-ceph6 ceph-osd:  2018-10-18 04:06:49.471097 7f90136b8700 -1 osd.52 4406222 heartbeat_check: no reply from 10.XX.XX.163:6834 osd.122 since back 2018-10-18 04:05:57.757163 front 2018-10-18 04:05:57.757163 (cutoff 2018-10-18 04:06:29.470739)
Oct 18 04:06:49 14 net-ceph6 ceph-osd:  2018-10-18 04:06:49.471105 7f90136b8700 -1 osd.52 4406222 heartbeat_check: no reply from 10.XX.XX.163:6813 osd.126 since back 2018-10-18 04:05:57.757163 front 2018-10-18 04:05:57.757163 (cutoff 2018-10-18 04:06:29.470739)
Oct 18 04:06:49 14 net-ceph6 ceph-osd:  2018-10-18 04:06:49.471115 7f90136b8700 -1 osd.52 4406222 heartbeat_check: no reply from 10.XX.XX.163:6818 osd.128 since back 2018-10-18 04:05:57.757163 front 2018-10-18 04:05:57.757163 (cutoff 2018-10-18 04:06:29.470739)
Oct 18 04:06:49 14 net-ceph6 ceph-osd:  2018-10-18 04:06:49.471123 7f90136b8700 -1 osd.52 4406222 heartbeat_check: no reply from 10.XX.XX.XX24:6829 osd.129 since back 2018-10-18 04:05:57.757163 front 2018-10-18 04:05:57.757163 (cutoff 2018-10-18 04:06:29.470739)
Oct 18 04:06:49 14 net-ceph6 ceph-osd:  2018-10-18 04:06:49.471129 7f90136b8700 -1 osd.52 4406222 heartbeat_check: no reply from 10.XX.XX.XX24:6823 osd.133 since back 2018-10-18 04:05:57.757163 front 2018-10-18 04:05:57.757163 (cutoff 2018-10-18 04:06:29.470739)
Oct 18 04:06:49 14 net-ceph6 ceph-osd:  2018-10-18 04:06:49.471137 7f90136b8700 -1 osd.52 4406222 heartbeat_check: no reply from 10.XX.XX.XX24:6828 osd.135 since back 2018-10-18 04:05:57.757163 front 2018-10-18 04:05:57.757163 (cutoff 2018-10-18 04:06:29.470739)
Oct 18 04:06:49 14 net-ceph6 ceph-osd:  2018-10-18 04:06:49.471145 7f90136b8700 -1 osd.52 4406222 heartbeat_check: no reply from 10.XX.XX.XX24:6822 osd.137 since back 2018-10-18 04:05:57.757163 front 2018-10-18 04:05:57.757163 (cutoff 2018-10-18 04:06:29.470739)
Oct 18 04:06:49 14 net-ceph6 ceph-osd:  2018-10-18 04:06:49.471152 7f90136b8700 -1 osd.52 4406222 heartbeat_check: no reply from 10.XX.XX.XX24:6838 osd.139 since back 2018-10-18 04:05:57.757163 front 2018-10-18 04:05:57.757163 (cutoff 2018-10-18 04:06:29.470739)
Oct 18 04:06:49 14 net-ceph6 ceph-osd:  2018-10-18 04:06:49.471160 7f90136b8700 -1 osd.52 4406222 heartbeat_check: no reply from 10.XX.XX.XX24:6839 osd.141 since back 2018-10-18 04:05:57.757163 front 2018-10-18 04:05:57.757163 (cutoff 2018-10-18 04:06:29.470739)
Oct 18 04:06:49 14 net-ceph6 ceph-osd:  2018-10-18 04:06:49.471168 7f90136b8700 -1 osd.52 4406222 heartbeat_check: no reply from 10.XX.XX.XX24:6816 osd.143 since back 2018-10-18 04:05:57.757163 front 2018-10-18 04:05:57.757163 (cutoff 2018-10-18 04:06:29.470739)
Oct 18 04:06:49 14 net-ceph6 ceph-osd:  2018-10-18 04:06:49.471176 7f90136b8700 -1 osd.52 4406222 heartbeat_check: no reply from 10.XX.XX.163:6817 osd.144 since back 2018-10-18 04:05:57.757163 front 2018-10-18 04:05:57.757163 (cutoff 2018-10-18 04:06:29.470739)
Oct 18 04:06:49 14 net-ceph6 ceph-osd:  2018-10-18 04:06:49.471187 7f90136b8700 -1 osd.52 4406222 heartbeat_check: no reply from 10.XX.XX.163:6831 osd.146 since back 2018-10-18 04:05:57.757163 front 2018-10-18 04:05:57.757163 (cutoff 2018-10-18 04:06:29.470739)
Oct 18 04:06:49 14 net-ceph6 ceph-osd:  2018-10-18 04:06:49.471196 7f90136b8700 -1 osd.52 4406222 heartbeat_check: no reply from 10.XX.XX.XX29:6813 osd.168 since back 2018-10-18 04:05:57.757163 front 2018-10-18 04:05:57.757163 (cutoff 2018-10-18 04:06:29.470739)
Oct 18 04:06:49 14 net-ceph6 ceph-osd:  2018-10-18 04:06:49.471204 7f90136b8700 -1 osd.52 4406222 heartbeat_check: no reply from 10.XX.XX.XX29:6804 osd.170 since back 2018-10-18 04:05:57.757163 front 2018-10-18 04:05:57.757163 (cutoff 2018-10-18 04:06:29.470739)
Oct 18 04:06:49 14 net-ceph6 ceph-osd:  2018-10-18 04:06:49.471211 7f90136b8700 -1 osd.52 4406222 heartbeat_check: no reply from 10.XX.XX.XX29:6820 osd.171 since back 2018-10-18 04:05:57.757163 front 2018-10-18 04:05:57.757163 (cutoff 2018-10-18 04:06:29.470739)
Oct 18 04:06:49 14 net-ceph6 ceph-osd:  2018-10-18 04:06:49.471218 7f90136b8700 -1 osd.52 4406222 heartbeat_check: no reply from 10.XX.XX.XX29:6836 osd.172 since back 2018-10-18 04:05:57.757163 front 2018-10-18 04:05:57.757163 (cutoff 2018-10-18 04:06:29.470739)
Oct 18 04:06:49 14 net-ceph6 ceph-osd:  2018-10-18 04:06:49.471225 7f90136b8700 -1 osd.52 4406222 heartbeat_check: no reply from 10.XX.XX.XX29:6817 osd.173 since back 2018-10-18 04:05:57.757163 front 2018-10-18 04:05:57.757163 (cutoff 2018-10-18 04:06:29.470739)
Oct 18 04:06:49 14 net-ceph6 ceph-osd:  2018-10-18 04:06:49.471232 7f90136b8700 -1 osd.52 4406222 heartbeat_check: no reply from 10.XX.XX.XX29:6837 osd.178 since back 2018-10-18 04:05:57.757163 front 2018-10-18 04:05:57.757163 (cutoff 2018-10-18 04:06:29.470739)
Oct 18 04:06:49 14 net-ceph6 ceph-osd:  2018-10-18 04:06:49.471240 7f90136b8700 -1 osd.52 4406222 heartbeat_check: no reply from 10.XX.XX.XX29:6808 osd.180 since back 2018-10-18 04:05:57.757163 front 2018-10-18 04:05:57.757163 (cutoff 2018-10-18 04:06:29.470739)
Oct 18 04:06:49 14 net-ceph6 ceph-osd:  2018-10-18 04:06:49.471251 7f90136b8700 -1 osd.52 4406222 heartbeat_check: no reply from 10.XX.XX.XX29:6825 osd.183 since back 2018-10-18 04:05:57.757163 front 2018-10-18 04:05:57.757163 (cutoff 2018-10-18 04:06:29.470739)
Oct 18 04:06:49 14 net-ceph6 ceph-osd:  2018-10-18 04:06:49.471260 7f90136b8700 -1 osd.52 4406222 heartbeat_check: no reply from 10.XX.XX.63:6831 osd.210 since back 2018-10-18 04:05:57.757163 front 2018-10-18 04:05:57.757163 (cutoff 2018-10-18 04:06:29.470739)
Oct 18 04:06:49 14 net-ceph6 ceph-osd:  2018-10-18 04:06:49.471269 7f90136b8700 -1 osd.52 4406222 heartbeat_check: no reply from 10.XX.XX.63:6829 osd.216 since back 2018-10-18 04:05:57.757163 front 2018-10-18 04:05:57.757163 (cutoff 2018-10-18 04:06:29.470739)
Oct 18 04:06:49 14 net-ceph6 ceph-osd:  2018-10-18 04:06:49.471278 7f90136b8700 -1 osd.52 4406222 heartbeat_check: no reply from 10.XX.XX.104:6825 osd.217 since back 2018-10-18 04:05:57.757163 front 2018-10-18 04:05:57.757163 (cutoff 2018-10-18 04:06:29.470739)
Oct 18 04:06:49 14 net-ceph6 ceph-osd:  2018-10-18 04:06:49.471285 7f90136b8700 -1 osd.52 4406222 heartbeat_check: no reply from 10.XX.XX.63:6845 osd.218 since back 2018-10-18 04:05:57.757163 front 2018-10-18 04:05:57.757163 (cutoff 2018-10-18 04:06:29.470739)
Oct 18 04:06:49 14 net-ceph6 ceph-osd:  2018-10-18 04:06:49.471295 7f90136b8700 -1 osd.52 4406222 heartbeat_check: no reply from 10.XX.XX.63:6844 osd.219 since back 2018-10-18 04:05:57.757163 front 2018-10-18 04:05:57.757163 (cutoff 2018-10-18 04:06:29.470739)
Oct 18 04:06:49 14 net-ceph6 ceph-osd:  2018-10-18 04:06:49.471303 7f90136b8700 -1 osd.52 4406222 heartbeat_check: no reply from 10.XX.XX.63:6807 osd.222 since back 2018-10-18 04:05:57.757163 front 2018-10-18 04:05:57.757163 (cutoff 2018-10-18 04:06:29.470739)
Oct 18 04:06:49 14 net-ceph6 ceph-osd:  2018-10-18 04:06:49.471310 7f90136b8700 -1 osd.52 4406222 heartbeat_check: no reply from 10.XX.XX.63:6813 osd.223 since back 2018-10-18 04:05:57.757163 front 2018-10-18 04:05:57.757163 (cutoff 2018-10-18 04:06:29.470739)
Oct 18 04:06:49 14 net-ceph6 ceph-osd:  2018-10-18 04:06:49.471317 7f90136b8700 -1 osd.52 4406222 heartbeat_check: no reply from 10.XX.XX.63:6824 osd.224 since back 2018-10-18 04:05:57.757163 front 2018-10-18 04:05:57.757163 (cutoff 2018-10-18 04:06:29.470739)
Oct 18 04:06:49 14 net-ceph6 ceph-osd:  2018-10-18 04:06:49.471323 7f90136b8700 -1 osd.52 4406222 heartbeat_check: no reply from 10.XX.XX.63:6827 osd.226 since back 2018-10-18 04:05:57.757163 front 2018-10-18 04:05:57.757163 (cutoff 2018-10-18 04:06:29.470739)
Oct 18 04:06:49 14 net-ceph6 ceph-osd:  2018-10-18 04:06:49.471330 7f90136b8700 -1 osd.52 4406222 heartbeat_check: no reply from 10.XX.XX.63:6832 osd.228 since back 2018-10-18 04:05:57.757163 front 2018-10-18 04:05:57.757163 (cutoff 2018-10-18 04:06:29.470739)
Oct 18 04:06:49 14 net-ceph6 ceph-osd:  2018-10-18 04:06:49.471336 7f90136b8700 -1 osd.52 4406222 heartbeat_check: no reply from 10.XX.XX.63:6841 osd.229 since back 2018-10-18 04:05:57.757163 front 2018-10-18 04:05:57.757163 (cutoff 2018-10-18 04:06:29.470739)
Oct 18 04:06:49 14 net-ceph6 ceph-osd:  2018-10-18 04:06:49.471343 7f90136b8700 -1 osd.52 4406222 heartbeat_check: no reply from 10.XX.XX.63:6833 osd.230 since back 2018-10-18 04:05:57.757163 front 2018-10-18 04:05:57.757163 (cutoff 2018-10-18 04:06:29.470739)
Oct 18 04:06:49 14 net-ceph6 ceph-osd:  2018-10-18 04:06:49.471349 7f90136b8700 -1 osd.52 4406222 heartbeat_check: no reply from 10.XX.XX.XX25:6870 osd.237 since back 2018-10-18 04:05:57.757163 front 2018-10-18 04:05:57.757163 (cutoff 2018-10-18 04:06:29.470739)
Oct 18 04:06:49 14 net-ceph6 ceph-osd:  2018-10-18 04:06:49.471355 7f90136b8700 -1 osd.52 4406222 heartbeat_check: no reply from 10.XX.XX.XX25:6828 osd.239 since back 2018-10-18 04:05:57.757163 front 2018-10-18 04:05:57.757163 (cutoff 2018-10-18 04:06:29.470739)
Oct 18 04:06:49 14 net-ceph6 ceph-osd:  2018-10-18 04:06:49.471362 7f90136b8700 -1 osd.52 4406222 heartbeat_check: no reply from 10.XX.XX.XX25:6826 osd.240 since back 2018-10-18 04:05:57.757163 front 2018-10-18 04:05:57.757163 (cutoff 2018-10-18 04:06:29.470739)
Oct 18 04:06:49 14 net-ceph6 ceph-osd:  2018-10-18 04:06:49.471369 7f90136b8700 -1 osd.52 4406222 heartbeat_check: no reply from 10.XX.XX.XX25:6827 osd.241 since back 2018-10-18 04:05:57.757163 front 2018-10-18 04:05:57.757163 (cutoff 2018-10-18 04:06:29.470739)
Oct 18 04:06:49 14 net-ceph6 ceph-osd:  2018-10-18 04:06:49.471376 7f90136b8700 -1 osd.52 4406222 heartbeat_check: no reply from 10.XX.XX.XX25:6847 osd.242 since back 2018-10-18 04:05:57.757163 front 2018-10-18 04:05:57.757163 (cutoff 2018-10-18 04:06:29.470739)
Oct 18 04:06:49 14 net-ceph6 ceph-osd:  2018-10-18 04:06:49.471382 7f90136b8700 -1 osd.52 4406222 heartbeat_check: no reply from 10.XX.XX.XX25:6853 osd.243 since back 2018-10-18 04:05:57.757163 front 2018-10-18 04:05:57.757163 (cutoff 2018-10-18 04:06:29.470739)
Oct 18 04:06:49 14 net-ceph6 ceph-osd:  2018-10-18 04:06:49.471389 7f90136b8700 -1 osd.52 4406222 heartbeat_check: no reply from 10.XX.XX.XX25:6863 osd.247 since back 2018-10-18 04:05:57.757163 front 2018-10-18 04:05:57.757163 (cutoff 2018-10-18 04:06:29.470739)
Oct 18 04:06:49 14 net-ceph6 ceph-osd:  2018-10-18 04:06:49.471396 7f90136b8700 -1 osd.52 4406222 heartbeat_check: no reply from 10.XX.XX.XX25:6821 osd.250 since back 2018-10-18 04:05:57.757163 front 2018-10-18 04:05:57.757163 (cutoff 2018-10-18 04:06:29.470739)
Oct 18 04:06:49 14 net-ceph6 ceph-osd:  2018-10-18 04:06:49.471402 7f90136b8700 -1 osd.52 4406222 heartbeat_check: no reply from 10.XX.XX.104:6835 osd.255 since back 2018-10-18 04:05:57.757163 front 2018-10-18 04:05:57.757163 (cutoff 2018-10-18 04:06:29.470739)
Oct 18 04:06:49 14 net-ceph6 ceph-osd:  2018-10-18 04:06:49.471410 7f90136b8700 -1 osd.52 4406222 heartbeat_check: no reply from 10.XX.XX.104:6819 osd.258 since back 2018-10-18 04:05:57.757163 front 2018-10-18 04:05:57.757163 (cutoff 2018-10-18 04:06:29.470739)
Oct 18 04:06:49 14 net-ceph6 ceph-osd:  2018-10-18 04:06:49.471416 7f90136b8700 -1 osd.52 4406222 heartbeat_check: no reply from 10.XX.XX.XX25:6851 osd.264 since back 2018-10-18 04:05:57.757163 front 2018-10-18 04:05:57.757163 (cutoff 2018-10-18 04:06:29.470739)
Oct 18 04:06:49 14 net-ceph6 ceph-osd:  2018-10-18 04:06:49.471423 7f90136b8700 -1 osd.52 4406222 heartbeat_check: no reply from 10.XX.XX.XX25:6866 osd.267 since back 2018-10-18 04:05:57.757163 front 2018-10-18 04:05:57.757163 (cutoff 2018-10-18 04:06:29.470739)
Oct 18 04:06:49 14 net-ceph6 ceph-osd:  2018-10-18 04:06:49.471429 7f90136b8700 -1 osd.52 4406222 heartbeat_check: no reply from 10.XX.XX.104:6804 osd.272 since back 2018-10-18 04:05:57.757163 front 2018-10-18 04:05:57.757163 (cutoff 2018-10-18 04:06:29.470739)
Oct 18 04:06:49 14 net-ceph6 ceph-osd:  2018-10-18 04:06:49.471437 7f90136b8700 -1 osd.52 4406222 heartbeat_check: no reply from 10.XX.XX.XX25:6849 osd.274 since back 2018-10-18 04:05:57.757163 front 2018-10-18 04:05:57.757163 (cutoff 2018-10-18 04:06:29.470739)
Oct 18 04:06:49 14 net-ceph6 ceph-osd:  2018-10-18 04:06:49.471443 7f90136b8700 -1 osd.52 4406222 heartbeat_check: no reply from 10.XX.XX.XX25:6834 osd.276 since back 2018-10-18 04:05:57.757163 front 2018-10-18 04:05:57.757163 (cutoff 2018-10-18 04:06:29.470739)
Oct 18 04:06:49 14 net-ceph6 ceph-osd:  2018-10-18 04:06:49.471449 7f90136b8700 -1 osd.52 4406222 heartbeat_check: no reply from 10.XX.XX.104:6848 osd.284 since back 2018-10-18 04:05:57.757163 front 2018-10-18 04:05:57.757163 (cutoff 2018-10-18 04:06:29.470739)
Oct 18 04:06:49 14 net-ceph6 ceph-osd:  2018-10-18 04:06:49.471455 7f90136b8700 -1 osd.52 4406222 heartbeat_check: no reply from 10.XX.XX.104:6861 osd.286 since back 2018-10-18 04:05:57.757163 front 2018-10-18 04:05:57.757163 (cutoff 2018-10-18 04:06:29.470739)
Oct 18 04:06:49 14 net-ceph6 ceph-osd:  2018-10-18 04:06:49.471461 7f90136b8700 -1 osd.52 4406222 heartbeat_check: no reply from 10.XX.XX.104:6834 osd.288 since back 2018-10-18 04:05:57.757163 front 2018-10-18 04:05:57.757163 (cutoff 2018-10-18 04:06:29.470739)
Oct 18 04:06:49 14 net-ceph6 ceph-osd:  2018-10-18 04:06:49.471468 7f90136b8700 -1 osd.52 4406222 heartbeat_check: no reply from 10.XX.XX.104:6841 osd.290 since back 2018-10-18 04:05:57.757163 front 2018-10-18 04:05:57.757163 (cutoff 2018-10-18 04:06:29.470739)
Oct 18 04:06:49 14 net-ceph6 ceph-osd:  2018-10-18 04:06:49.471488 7f90136b8700 -1 osd.52 4406222 heartbeat_check: no reply from 10.XX.XX.63:6825 osd.294 since back 2018-10-18 04:05:57.757163 front 2018-10-18 04:05:57.757163 (cutoff 2018-10-18 04:06:29.470739)
Oct 18 04:06:49 14 net-ceph6 ceph-osd:  2018-10-18 04:06:49.471495 7f90136b8700 -1 osd.52 4406222 heartbeat_check: no reply from 10.XX.XX.128:6836 osd.302 since back 2018-10-18 04:05:57.757163 front 2018-10-18 04:05:57.757163 (cutoff 2018-10-18 04:06:29.470739)
Oct 18 04:06:49 14 net-ceph6 ceph-osd:  2018-10-18 04:06:49.471501 7f90136b8700 -1 osd.52 4406222 heartbeat_check: no reply from 10.XX.XX.128:6830 osd.307 since back 2018-10-18 04:05:57.757163 front 2018-10-18 04:05:57.757163 (cutoff 2018-10-18 04:06:29.470739)
Oct 18 04:06:49 14 net-ceph6 ceph-osd:  2018-10-18 04:06:49.471508 7f90136b8700 -1 osd.52 4406222 heartbeat_check: no reply from 10.XX.XX.128:6829 osd.311 since back 2018-10-18 04:05:57.757163 front 2018-10-18 04:05:57.757163 (cutoff 2018-10-18 04:06:29.470739)
Oct 18 04:06:49 14 net-ceph6 ceph-osd:  2018-10-18 04:06:49.471514 7f90136b8700 -1 osd.52 4406222 heartbeat_check: no reply from 10.XX.XX.128:6838 osd.313 since back 2018-10-18 04:05:57.757163 front 2018-10-18 04:05:57.757163 (cutoff 2018-10-18 04:06:29.470739)
Oct 18 04:06:49 14 net-ceph6 ceph-osd:  2018-10-18 04:06:49.471520 7f90136b8700 -1 osd.52 4406222 heartbeat_check: no reply from 10.XX.XX.XX16:6850 osd.317 since back 2018-10-18 04:05:57.757163 front 2018-10-18 04:05:57.757163 (cutoff 2018-10-18 04:06:29.470739)
Oct 18 04:06:49 14 net-ceph6 ceph-osd:  2018-10-18 04:06:49.471527 7f90136b8700 -1 osd.52 4406222 heartbeat_check: no reply from 10.XX.XX.XX16:6811 osd.319 since back 2018-10-18 04:05:57.757163 front 2018-10-18 04:05:57.757163 (cutoff 2018-10-18 04:06:29.470739)
Oct 18 04:06:49 14 net-ceph6 ceph-osd:  2018-10-18 04:06:49.471534 7f90136b8700 -1 osd.52 4406222 heartbeat_check: no reply from 10.XX.XX.XX16:6817 osd.325 since back 2018-10-18 04:05:57.757163 front 2018-10-18 04:05:57.757163 (cutoff 2018-10-18 04:06:29.470739)
Oct 18 04:06:49 14 net-ceph6 ceph-osd:  2018-10-18 04:06:49.472110 7f90136b8700 -1 osd.52 4406222 heartbeat_check: no reply from 10.XX.XX.XX16:6841 osd.342 since back 2018-10-18 04:05:57.757163 front 2018-10-18 04:05:57.757163 (cutoff 2018-10-18 04:06:29.470739)
Oct 18 04:06:49 14 net-ceph6 ceph-osd:  2018-10-18 04:06:49.472119 7f90136b8700 -1 osd.52 4406222 heartbeat_check: no reply from 10.XX.XX.128:6807 osd.344 since back 2018-10-18 04:05:57.757163 front 2018-10-18 04:05:57.757163 (cutoff 2018-10-18 04:06:29.470739)
Oct 18 04:06:49 14 net-ceph6 ceph-osd:  2018-10-18 04:06:49.472126 7f90136b8700 -1 osd.52 4406222 heartbeat_check: no reply from 10.XX.XX.128:6803 osd.345 since back 2018-10-18 04:05:57.757163 front 2018-10-18 04:05:57.757163 (cutoff 2018-10-18 04:06:29.470739)
Oct 18 04:06:49 14 net-ceph6 ceph-osd:  2018-10-18 04:06:49.472133 7f90136b8700 -1 osd.52 4406222 heartbeat_check: no reply from 10.XX.XX.XX16:6854 osd.346 since back 2018-10-18 04:05:57.757163 front 2018-10-18 04:05:57.757163 (cutoff 2018-10-18 04:06:29.470739)
Oct 18 04:06:49 14 net-ceph6 ceph-osd:  2018-10-18 04:06:49.472139 7f90136b8700 -1 osd.52 4406222 heartbeat_check: no reply from 10.XX.XX.128:6823 osd.350 since back 2018-10-18 04:05:57.757163 front 2018-10-18 04:05:57.757163 (cutoff 2018-10-18 04:06:29.470739)
Oct 18 04:06:49 14 net-ceph6 ceph-osd:  2018-10-18 04:06:49.472145 7f90136b8700 -1 osd.52 4406222 heartbeat_check: no reply from 10.XX.XX.XX16:6803 osd.351 since back 2018-10-18 04:05:57.757163 front 2018-10-18 04:05:57.757163 (cutoff 2018-10-18 04:06:29.470739)
Oct 18 04:06:49 14 net-ceph6 ceph-osd:  2018-10-18 04:06:49.472151 7f90136b8700 -1 osd.52 4406222 heartbeat_check: no reply from 10.XX.XX.XX16:6845 osd.352 since back 2018-10-18 04:05:57.757163 front 2018-10-18 04:05:57.757163 (cutoff 2018-10-18 04:06:29.470739)
Oct 18 04:06:49 14 net-ceph6 ceph-osd:  2018-10-18 04:06:49.472158 7f90136b8700 -1 osd.52 4406222 heartbeat_check: no reply from 10.XX.XX.XX16:6851 osd.353 since back 2018-10-18 04:05:57.757163 front 2018-10-18 04:05:57.757163 (cutoff 2018-10-18 04:06:29.470739)
Oct 18 04:06:49 14 net-ceph6 ceph-osd:  2018-10-18 04:06:49.472164 7f90136b8700 -1 osd.52 4406222 heartbeat_check: no reply from 10.XX.XX.128:6821 osd.357 since back 2018-10-18 04:05:57.757163 front 2018-10-18 04:05:57.757163 (cutoff 2018-10-18 04:06:29.470739)
Oct 18 04:06:49 14 net-ceph6 ceph-osd:  2018-10-18 04:06:49.472170 7f90136b8700 -1 osd.52 4406222 heartbeat_check: no reply from 10.XX.XX.128:6811 osd.358 since back 2018-10-18 04:05:57.757163 front 2018-10-18 04:05:57.757163 (cutoff 2018-10-18 04:06:29.470739)

